[debug] [2019-07-16T01:06:57.966Z] ----------------------------------------------------------------------
[debug] [2019-07-16T01:06:57.969Z] Command:       C:\Program Files\nodejs\node.exe F:\NextFb\App\nextfunctions\functions-nextjs\node_modules\firebase-tools\lib\bin\firebase.js serve --only functions,hosting
[debug] [2019-07-16T01:06:57.969Z] CLI Version:   7.0.0
[debug] [2019-07-16T01:06:57.969Z] Platform:      win32
[debug] [2019-07-16T01:06:57.969Z] Node Version:  v10.15.3
[debug] [2019-07-16T01:06:57.977Z] Time:          Tue Jul 16 2019 08:06:57 GMT+0700 (Indochina Time)
[debug] [2019-07-16T01:06:57.977Z] ----------------------------------------------------------------------
[debug] 
[debug] [2019-07-16T01:06:58.005Z] > command requires scopes: ["email","openid","https://www.googleapis.com/auth/cloudplatformprojects.readonly","https://www.googleapis.com/auth/firebase","https://www.googleapis.com/auth/cloud-platform"]
[debug] [2019-07-16T01:06:58.006Z] > authorizing via signed-in user
[debug] [2019-07-16T01:06:58.006Z] [iam] checking project nextfb01 for permissions ["firebase.projects.get"]
[debug] [2019-07-16T01:06:58.009Z] > refreshing access token with scopes: ["email","https://www.googleapis.com/auth/cloud-platform","https://www.googleapis.com/auth/cloudplatformprojects.readonly","https://www.googleapis.com/auth/firebase","openid"]
[debug] [2019-07-16T01:06:58.009Z] >>> HTTP REQUEST POST https://www.googleapis.com/oauth2/v3/token  
 <request body omitted>
[debug] [2019-07-16T01:06:58.236Z] <<< HTTP RESPONSE 200
[debug] [2019-07-16T01:06:58.254Z] >>> HTTP REQUEST POST https://cloudresourcemanager.googleapis.com/v1/projects/nextfb01:testIamPermissions  

[debug] [2019-07-16T01:06:59.567Z] <<< HTTP RESPONSE 200
[debug] [2019-07-16T01:06:59.572Z] >>> HTTP REQUEST GET https://cloudresourcemanager.googleapis.com/v1/projects/nextfb01  
 
[debug] [2019-07-16T01:07:00.873Z] <<< HTTP RESPONSE 200
[info] +  functions: Using node@10 from host.
[debug] [2019-07-16T01:07:00.899Z] >>> HTTP REQUEST GET https://mobilesdk-pa.googleapis.com/v1/projects/873794957569/clients/_:getWebAppConfig  
 
[debug] [2019-07-16T01:07:00.902Z] >>> HTTP REQUEST GET https://mobilesdk-pa.googleapis.com/v1/projects/873794957569:getServerAppConfig  
 
[debug] [2019-07-16T01:07:01.238Z] <<< HTTP RESPONSE 200
[info] +  functions: Emulator started at http://localhost:5001
[debug] [2019-07-16T01:07:01.355Z] <<< HTTP RESPONSE 200
[info] i  functions: Watching "F:\NextFb\App\nextfunctions\functions-nextjs" for Cloud Functions...
[info] i  hosting: Serving hosting files from: public
[info] +  hosting: Local server: http://localhost:5000
[debug] [2019-07-16T01:07:02.286Z] Functions runtime initialized.
[debug] [2019-07-16T01:07:02.287Z] Disabled runtime features: {"functions_config_helper":true,"network_filtering":true,"timeout":true,"memory_limiting":true,"protect_env":true,"admin_stubs":true}
[debug] [2019-07-16T01:07:02.427Z] firebase-admin has been stubbed.
[info] i  functions: HTTP trigger initialized at http://localhost:5001/nextfb01/us-central1/serverapp
[info] [hosting] Rewriting / to http://localhost:5001/nextfb01/us-central1/serverapp for local Function serverapp
[debug] [2019-07-16T01:07:08.210Z] Accepted request GET /nextfb01/us-central1/serverapp/ --> serverapp
[debug] [2019-07-16T01:07:08.937Z] Functions runtime initialized.
[info] i  functions: Beginning execution of "serverapp"
[debug] [2019-07-16T01:07:08.940Z] Disabled runtime features: {"functions_config_helper":true,"network_filtering":true,"timeout":true,"memory_limiting":true,"protect_env":true,"admin_stubs":true}
[debug] [2019-07-16T01:07:09.070Z] firebase-admin has been stubbed.
[debug] [2019-07-16T01:07:09.243Z] Trigger "serverapp" has been found, beginning invocation!
[debug] [2019-07-16T01:07:09.244Z] 
[debug] [2019-07-16T01:07:09.244Z] Running serverapp in mode HTTPS
[debug] [2019-07-16T01:07:09.255Z] {"socketPath":"\\\\?\\pipe\\F:\\NextFb\\App\\nextfunctions\\functions-nextjs\\7520"}
[debug] [2019-07-16T01:07:09.260Z] [functions] Runtime ready! Sending request! {"socketPath":"\\\\?\\pipe\\F:\\NextFb\\App\\nextfunctions\\functions-nextjs\\7520"}
[debug] [2019-07-16T01:07:09.273Z] Ephemeral server used!
[debug] [2019-07-16T01:07:09.274Z] Bodyundefined
[debug] [2019-07-16T01:07:09.516Z] Ephemeral server survived.
[info] i  functions: Finished "serverapp" in ~1s
[info] [hosting] Rewriting /_next/static/ouwcApe5v9anfcvWrgSjf/pages/index.js to http://localhost:5001/nextfb01/us-central1/serverapp for local Function serverapp
[debug] [2019-07-16T01:07:09.598Z] Accepted request GET /nextfb01/us-central1/serverapp/_next/static/ouwcApe5v9anfcvWrgSjf/pages/index.js --> serverapp
[info] [hosting] Rewriting /_next/static/ouwcApe5v9anfcvWrgSjf/pages/_app.js to http://localhost:5001/nextfb01/us-central1/serverapp for local Function serverapp
[info] [hosting] Rewriting /_next/static/runtime/webpack-a79426b5e11f0ba5879d.js to http://localhost:5001/nextfb01/us-central1/serverapp for local Function serverapp
[debug] [2019-07-16T01:07:09.622Z] Accepted request GET /nextfb01/us-central1/serverapp/_next/static/ouwcApe5v9anfcvWrgSjf/pages/_app.js --> serverapp
[debug] [2019-07-16T01:07:09.631Z] Accepted request GET /nextfb01/us-central1/serverapp/_next/static/runtime/webpack-a79426b5e11f0ba5879d.js --> serverapp
[info] [hosting] Rewriting /_next/static/chunks/commons.32c4f54669ec558023da.js to http://localhost:5001/nextfb01/us-central1/serverapp for local Function serverapp
[info] [hosting] Rewriting /_next/static/runtime/main-6d12b443ff1de0c04a2e.js to http://localhost:5001/nextfb01/us-central1/serverapp for local Function serverapp
[debug] [2019-07-16T01:07:09.899Z] Accepted request GET /nextfb01/us-central1/serverapp/_next/static/chunks/commons.32c4f54669ec558023da.js --> serverapp
[debug] [2019-07-16T01:07:09.909Z] Accepted request GET /nextfb01/us-central1/serverapp/_next/static/runtime/main-6d12b443ff1de0c04a2e.js --> serverapp
[debug] [2019-07-16T01:07:11.170Z] Functions runtime initialized.
[info] i  functions: Beginning execution of "serverapp"
[debug] [2019-07-16T01:07:11.187Z] Disabled runtime features: {"functions_config_helper":true,"network_filtering":true,"timeout":true,"memory_limiting":true,"protect_env":true,"admin_stubs":true}
[debug] [2019-07-16T01:07:11.189Z] Functions runtime initialized.
[info] i  functions: Beginning execution of "serverapp"
[debug] [2019-07-16T01:07:11.207Z] Disabled runtime features: {"functions_config_helper":true,"network_filtering":true,"timeout":true,"memory_limiting":true,"protect_env":true,"admin_stubs":true}
[debug] [2019-07-16T01:07:11.330Z] Functions runtime initialized.
[info] i  functions: Beginning execution of "serverapp"
[debug] [2019-07-16T01:07:11.340Z] Disabled runtime features: {"functions_config_helper":true,"network_filtering":true,"timeout":true,"memory_limiting":true,"protect_env":true,"admin_stubs":true}
[debug] [2019-07-16T01:07:11.433Z] firebase-admin has been stubbed.
[debug] [2019-07-16T01:07:11.468Z] firebase-admin has been stubbed.
[debug] [2019-07-16T01:07:11.527Z] Functions runtime initialized.
[info] i  functions: Beginning execution of "serverapp"
[debug] [2019-07-16T01:07:11.538Z] Disabled runtime features: {"functions_config_helper":true,"network_filtering":true,"timeout":true,"memory_limiting":true,"protect_env":true,"admin_stubs":true}
[debug] [2019-07-16T01:07:11.576Z] Functions runtime initialized.
[info] i  functions: Beginning execution of "serverapp"
[debug] [2019-07-16T01:07:11.582Z] Disabled runtime features: {"functions_config_helper":true,"network_filtering":true,"timeout":true,"memory_limiting":true,"protect_env":true,"admin_stubs":true}
[debug] [2019-07-16T01:07:11.600Z] firebase-admin has been stubbed.
[debug] [2019-07-16T01:07:11.826Z] firebase-admin has been stubbed.
[debug] [2019-07-16T01:07:11.838Z] firebase-admin has been stubbed.
[debug] [2019-07-16T01:07:11.886Z] Trigger "serverapp" has been found, beginning invocation!
[debug] [2019-07-16T01:07:11.887Z] 
[debug] [2019-07-16T01:07:11.887Z] Running serverapp in mode HTTPS
[debug] [2019-07-16T01:07:11.887Z] Trigger "serverapp" has been found, beginning invocation!
[debug] [2019-07-16T01:07:11.887Z] 
[debug] [2019-07-16T01:07:11.888Z] Running serverapp in mode HTTPS
[debug] [2019-07-16T01:07:11.902Z] {"socketPath":"\\\\?\\pipe\\F:\\NextFb\\App\\nextfunctions\\functions-nextjs\\7360"}
[debug] [2019-07-16T01:07:11.913Z] [functions] Runtime ready! Sending request! {"socketPath":"\\\\?\\pipe\\F:\\NextFb\\App\\nextfunctions\\functions-nextjs\\7360"}
[debug] [2019-07-16T01:07:11.915Z] {"socketPath":"\\\\?\\pipe\\F:\\NextFb\\App\\nextfunctions\\functions-nextjs\\5832"}
[debug] [2019-07-16T01:07:11.927Z] [functions] Runtime ready! Sending request! {"socketPath":"\\\\?\\pipe\\F:\\NextFb\\App\\nextfunctions\\functions-nextjs\\5832"}
[debug] [2019-07-16T01:07:11.930Z] Ephemeral server used!
[debug] [2019-07-16T01:07:11.930Z] Bodyundefined
[debug] [2019-07-16T01:07:11.941Z] Ephemeral server used!
[debug] [2019-07-16T01:07:11.941Z] Bodyundefined
[debug] [2019-07-16T01:07:11.957Z] Ephemeral server survived.
[debug] [2019-07-16T01:07:11.958Z] Ephemeral server survived.
[info] i  functions: Finished "serverapp" in ~1s
[info] i  functions: Finished "serverapp" in ~1s
[debug] [2019-07-16T01:07:12.071Z] Trigger "serverapp" has been found, beginning invocation!
[debug] [2019-07-16T01:07:12.072Z] 
[debug] [2019-07-16T01:07:12.072Z] Running serverapp in mode HTTPS
[debug] [2019-07-16T01:07:12.092Z] {"socketPath":"\\\\?\\pipe\\F:\\NextFb\\App\\nextfunctions\\functions-nextjs\\8404"}
[debug] [2019-07-16T01:07:12.096Z] [functions] Runtime ready! Sending request! {"socketPath":"\\\\?\\pipe\\F:\\NextFb\\App\\nextfunctions\\functions-nextjs\\8404"}
[debug] [2019-07-16T01:07:12.126Z] Ephemeral server used!
[debug] [2019-07-16T01:07:12.127Z] Bodyundefined
[debug] [2019-07-16T01:07:12.138Z] Ephemeral server survived.
[info] i  functions: Finished "serverapp" in ~1s
[debug] [2019-07-16T01:07:12.218Z] Trigger "serverapp" has been found, beginning invocation!
[debug] [2019-07-16T01:07:12.218Z] 
[debug] [2019-07-16T01:07:12.218Z] Running serverapp in mode HTTPS
[debug] [2019-07-16T01:07:12.233Z] {"socketPath":"\\\\?\\pipe\\F:\\NextFb\\App\\nextfunctions\\functions-nextjs\\3148"}
[debug] [2019-07-16T01:07:12.236Z] [functions] Runtime ready! Sending request! {"socketPath":"\\\\?\\pipe\\F:\\NextFb\\App\\nextfunctions\\functions-nextjs\\3148"}
[debug] [2019-07-16T01:07:12.238Z] Trigger "serverapp" has been found, beginning invocation!
[debug] [2019-07-16T01:07:12.238Z] 
[debug] [2019-07-16T01:07:12.238Z] Running serverapp in mode HTTPS
[debug] [2019-07-16T01:07:12.254Z] {"socketPath":"\\\\?\\pipe\\F:\\NextFb\\App\\nextfunctions\\functions-nextjs\\2044"}
[debug] [2019-07-16T01:07:12.256Z] [functions] Runtime ready! Sending request! {"socketPath":"\\\\?\\pipe\\F:\\NextFb\\App\\nextfunctions\\functions-nextjs\\2044"}
[debug] [2019-07-16T01:07:12.258Z] Ephemeral server used!
[debug] [2019-07-16T01:07:12.259Z] Bodyundefined
[debug] [2019-07-16T01:07:12.266Z] Ephemeral server survived.
[debug] [2019-07-16T01:07:12.279Z] Ephemeral server used!
[debug] [2019-07-16T01:07:12.280Z] Bodyundefined
[info] i  functions: Finished "serverapp" in ~1s
[debug] [2019-07-16T01:07:12.291Z] Ephemeral server survived.
[info] i  functions: Finished "serverapp" in ~1s
[info] [hosting] Rewriting /static/favicon.ico to http://localhost:5001/nextfb01/us-central1/serverapp for local Function serverapp
[debug] [2019-07-16T01:07:12.436Z] Accepted request GET /nextfb01/us-central1/serverapp/static/favicon.ico --> serverapp
[debug] [2019-07-16T01:07:13.159Z] Functions runtime initialized.
[info] i  functions: Beginning execution of "serverapp"
[debug] [2019-07-16T01:07:13.161Z] Disabled runtime features: {"functions_config_helper":true,"network_filtering":true,"timeout":true,"memory_limiting":true,"protect_env":true,"admin_stubs":true}
[debug] [2019-07-16T01:07:13.269Z] firebase-admin has been stubbed.
[debug] [2019-07-16T01:07:13.426Z] Trigger "serverapp" has been found, beginning invocation!
[debug] [2019-07-16T01:07:13.427Z] 
[debug] [2019-07-16T01:07:13.427Z] Running serverapp in mode HTTPS
[debug] [2019-07-16T01:07:13.437Z] {"socketPath":"\\\\?\\pipe\\F:\\NextFb\\App\\nextfunctions\\functions-nextjs\\10224"}
[debug] [2019-07-16T01:07:13.439Z] [functions] Runtime ready! Sending request! {"socketPath":"\\\\?\\pipe\\F:\\NextFb\\App\\nextfunctions\\functions-nextjs\\10224"}
[debug] [2019-07-16T01:07:13.452Z] Ephemeral server used!
[debug] [2019-07-16T01:07:13.452Z] Bodyundefined
[debug] [2019-07-16T01:07:13.457Z] Ephemeral server survived.
[info] i  functions: Finished "serverapp" in ~1s
[info] [hosting] Rewriting /static/favicon.png to http://localhost:5001/nextfb01/us-central1/serverapp for local Function serverapp
[debug] [2019-07-16T01:07:13.681Z] Accepted request GET /nextfb01/us-central1/serverapp/static/favicon.png --> serverapp
[debug] [2019-07-16T01:07:14.353Z] Functions runtime initialized.
[info] i  functions: Beginning execution of "serverapp"
[debug] [2019-07-16T01:07:14.356Z] Disabled runtime features: {"functions_config_helper":true,"network_filtering":true,"timeout":true,"memory_limiting":true,"protect_env":true,"admin_stubs":true}
[debug] [2019-07-16T01:07:14.461Z] firebase-admin has been stubbed.
[debug] [2019-07-16T01:07:14.625Z] Trigger "serverapp" has been found, beginning invocation!
[debug] [2019-07-16T01:07:14.626Z] 
[debug] [2019-07-16T01:07:14.626Z] Running serverapp in mode HTTPS
[debug] [2019-07-16T01:07:14.635Z] {"socketPath":"\\\\?\\pipe\\F:\\NextFb\\App\\nextfunctions\\functions-nextjs\\5276"}
[debug] [2019-07-16T01:07:14.637Z] [functions] Runtime ready! Sending request! {"socketPath":"\\\\?\\pipe\\F:\\NextFb\\App\\nextfunctions\\functions-nextjs\\5276"}
[debug] [2019-07-16T01:07:14.650Z] Ephemeral server used!
[debug] [2019-07-16T01:07:14.651Z] Bodyundefined
[debug] [2019-07-16T01:07:14.656Z] Ephemeral server survived.
[info] i  functions: Finished "serverapp" in ~1s
[info] [hosting] Rewriting /_next/static/ouwcApe5v9anfcvWrgSjf/pages/about.js to http://localhost:5001/nextfb01/us-central1/serverapp for local Function serverapp
[debug] [2019-07-16T01:07:15.267Z] Accepted request GET /nextfb01/us-central1/serverapp/_next/static/ouwcApe5v9anfcvWrgSjf/pages/about.js --> serverapp
[debug] [2019-07-16T01:07:15.921Z] Functions runtime initialized.
[info] i  functions: Beginning execution of "serverapp"
[debug] [2019-07-16T01:07:15.924Z] Disabled runtime features: {"functions_config_helper":true,"network_filtering":true,"timeout":true,"memory_limiting":true,"protect_env":true,"admin_stubs":true}
[debug] [2019-07-16T01:07:16.031Z] firebase-admin has been stubbed.
[debug] [2019-07-16T01:07:16.217Z] Trigger "serverapp" has been found, beginning invocation!
[debug] [2019-07-16T01:07:16.218Z] 
[debug] [2019-07-16T01:07:16.218Z] Running serverapp in mode HTTPS
[debug] [2019-07-16T01:07:16.230Z] {"socketPath":"\\\\?\\pipe\\F:\\NextFb\\App\\nextfunctions\\functions-nextjs\\5008"}
[debug] [2019-07-16T01:07:16.233Z] [functions] Runtime ready! Sending request! {"socketPath":"\\\\?\\pipe\\F:\\NextFb\\App\\nextfunctions\\functions-nextjs\\5008"}
[debug] [2019-07-16T01:07:16.249Z] Ephemeral server used!
[debug] [2019-07-16T01:07:16.250Z] Bodyundefined
[debug] [2019-07-16T01:07:16.256Z] Ephemeral server survived.
[info] i  functions: Finished "serverapp" in ~1s
[info] [hosting] Rewriting /_next/static/ouwcApe5v9anfcvWrgSjf/pages/bangtin/2.js to http://localhost:5001/nextfb01/us-central1/serverapp for local Function serverapp
[debug] [2019-07-16T01:07:17.683Z] Accepted request GET /nextfb01/us-central1/serverapp/_next/static/ouwcApe5v9anfcvWrgSjf/pages/bangtin/2.js --> serverapp
[debug] [2019-07-16T01:07:18.336Z] Functions runtime initialized.
[info] i  functions: Beginning execution of "serverapp"
[debug] [2019-07-16T01:07:18.338Z] Disabled runtime features: {"functions_config_helper":true,"network_filtering":true,"timeout":true,"memory_limiting":true,"protect_env":true,"admin_stubs":true}
[debug] [2019-07-16T01:07:18.441Z] firebase-admin has been stubbed.
[debug] [2019-07-16T01:07:18.594Z] Trigger "serverapp" has been found, beginning invocation!
[debug] [2019-07-16T01:07:18.594Z] 
[debug] [2019-07-16T01:07:18.595Z] Running serverapp in mode HTTPS
[debug] [2019-07-16T01:07:18.603Z] {"socketPath":"\\\\?\\pipe\\F:\\NextFb\\App\\nextfunctions\\functions-nextjs\\6176"}
[debug] [2019-07-16T01:07:18.606Z] [functions] Runtime ready! Sending request! {"socketPath":"\\\\?\\pipe\\F:\\NextFb\\App\\nextfunctions\\functions-nextjs\\6176"}
[debug] [2019-07-16T01:07:18.619Z] Ephemeral server used!
[debug] [2019-07-16T01:07:18.619Z] Bodyundefined
[debug] [2019-07-16T01:07:18.624Z] Ephemeral server survived.
[info] i  functions: Finished "serverapp" in ~1s
[info] [hosting] Rewriting /bangtin to http://localhost:5001/nextfb01/us-central1/serverapp for local Function serverapp
[debug] [2019-07-16T01:07:18.876Z] Accepted request GET /nextfb01/us-central1/serverapp/bangtin --> serverapp
[debug] [2019-07-16T01:07:19.577Z] Functions runtime initialized.
[info] i  functions: Beginning execution of "serverapp"
[debug] [2019-07-16T01:07:19.580Z] Disabled runtime features: {"functions_config_helper":true,"network_filtering":true,"timeout":true,"memory_limiting":true,"protect_env":true,"admin_stubs":true}
[debug] [2019-07-16T01:07:19.689Z] firebase-admin has been stubbed.
[debug] [2019-07-16T01:07:19.859Z] Trigger "serverapp" has been found, beginning invocation!
[debug] [2019-07-16T01:07:19.859Z] 
[debug] [2019-07-16T01:07:19.859Z] Running serverapp in mode HTTPS
[debug] [2019-07-16T01:07:19.868Z] {"socketPath":"\\\\?\\pipe\\F:\\NextFb\\App\\nextfunctions\\functions-nextjs\\9472"}
[debug] [2019-07-16T01:07:19.871Z] [functions] Runtime ready! Sending request! {"socketPath":"\\\\?\\pipe\\F:\\NextFb\\App\\nextfunctions\\functions-nextjs\\9472"}
[debug] [2019-07-16T01:07:19.887Z] Ephemeral server used!
[debug] [2019-07-16T01:07:19.887Z] Bodyundefined
[debug] [2019-07-16T01:07:20.098Z] Ephemeral server survived.
[info] i  functions: Finished "serverapp" in ~1s
[info] [hosting] Rewriting /_next/static/ouwcApe5v9anfcvWrgSjf/pages/bangtin.js to http://localhost:5001/nextfb01/us-central1/serverapp for local Function serverapp
[debug] [2019-07-16T01:07:20.184Z] Accepted request GET /nextfb01/us-central1/serverapp/_next/static/ouwcApe5v9anfcvWrgSjf/pages/bangtin.js --> serverapp
[debug] [2019-07-16T01:07:20.930Z] Functions runtime initialized.
[info] i  functions: Beginning execution of "serverapp"
[debug] [2019-07-16T01:07:20.933Z] Disabled runtime features: {"functions_config_helper":true,"network_filtering":true,"timeout":true,"memory_limiting":true,"protect_env":true,"admin_stubs":true}
[debug] [2019-07-16T01:07:21.044Z] firebase-admin has been stubbed.
[debug] [2019-07-16T01:07:21.213Z] Trigger "serverapp" has been found, beginning invocation!
[debug] [2019-07-16T01:07:21.213Z] 
[debug] [2019-07-16T01:07:21.213Z] Running serverapp in mode HTTPS
[debug] [2019-07-16T01:07:21.224Z] {"socketPath":"\\\\?\\pipe\\F:\\NextFb\\App\\nextfunctions\\functions-nextjs\\6812"}
[debug] [2019-07-16T01:07:21.227Z] [functions] Runtime ready! Sending request! {"socketPath":"\\\\?\\pipe\\F:\\NextFb\\App\\nextfunctions\\functions-nextjs\\6812"}
[debug] [2019-07-16T01:07:21.240Z] Ephemeral server used!
[debug] [2019-07-16T01:07:21.241Z] Bodyundefined
[debug] [2019-07-16T01:07:21.246Z] Ephemeral server survived.
[info] i  functions: Finished "serverapp" in ~1s
[debug] [2019-07-16T01:21:13.249Z] File F:\NextFb\App\nextfunctions\functions-nextjs\src\client\components\BangtinIdSlug.js changed, reloading triggers
[debug] [2019-07-16T01:21:13.250Z] File F:\NextFb\App\nextfunctions\functions-nextjs\src\client\pages\about.js changed, reloading triggers
[debug] [2019-07-16T01:21:13.254Z] File F:\NextFb\App\nextfunctions\functions-nextjs\src\client\pages\bangtin.js changed, reloading triggers
[debug] [2019-07-16T01:21:13.254Z] File F:\NextFb\App\nextfunctions\functions-nextjs\src\client\pages\index.js changed, reloading triggers
[debug] [2019-07-16T01:21:14.987Z] Functions runtime initialized.
[debug] [2019-07-16T01:21:14.989Z] Disabled runtime features: {"functions_config_helper":true,"network_filtering":true,"timeout":true,"memory_limiting":true,"protect_env":true,"admin_stubs":true}
[debug] [2019-07-16T01:21:15.164Z] firebase-admin has been stubbed.
[debug] [2019-07-16T01:23:53.783Z] File F:\NextFb\App\nextfunctions\functions-nextjs\git changed, reloading triggers
[debug] [2019-07-16T01:23:54.494Z] File F:\NextFb\App\nextfunctions\functions-nextjs\git changed, reloading triggers
[debug] [2019-07-16T01:23:56.283Z] Functions runtime initialized.
[debug] [2019-07-16T01:23:56.285Z] Disabled runtime features: {"functions_config_helper":true,"network_filtering":true,"timeout":true,"memory_limiting":true,"protect_env":true,"admin_stubs":true}
[debug] [2019-07-16T01:23:56.410Z] firebase-admin has been stubbed.
[info] [hosting] Rewriting / to http://localhost:5001/nextfb01/us-central1/serverapp for local Function serverapp
[debug] [2019-07-16T01:28:29.839Z] Accepted request GET /nextfb01/us-central1/serverapp/ --> serverapp
[debug] [2019-07-16T01:28:30.562Z] Functions runtime initialized.
[info] i  functions: Beginning execution of "serverapp"
[debug] [2019-07-16T01:28:30.564Z] Disabled runtime features: {"functions_config_helper":true,"network_filtering":true,"timeout":true,"memory_limiting":true,"protect_env":true,"admin_stubs":true}
[debug] [2019-07-16T01:28:30.668Z] firebase-admin has been stubbed.
[debug] [2019-07-16T01:28:30.843Z] Trigger "serverapp" has been found, beginning invocation!
[debug] [2019-07-16T01:28:30.843Z] 
[debug] [2019-07-16T01:28:30.843Z] Running serverapp in mode HTTPS
[debug] [2019-07-16T01:28:30.852Z] {"socketPath":"\\\\?\\pipe\\F:\\NextFb\\App\\nextfunctions\\functions-nextjs\\3156"}
[debug] [2019-07-16T01:28:30.855Z] [functions] Runtime ready! Sending request! {"socketPath":"\\\\?\\pipe\\F:\\NextFb\\App\\nextfunctions\\functions-nextjs\\3156"}
[debug] [2019-07-16T01:28:30.868Z] Ephemeral server used!
[debug] [2019-07-16T01:28:30.869Z] Bodyundefined
[debug] [2019-07-16T01:28:31.092Z] Ephemeral server survived.
[info] i  functions: Finished "serverapp" in ~1s
